<?xml version="1.0" encoding="UTF-8"?>
<!-- Generated by org.testng.reporters.JUnitReportReporter -->
<testsuite hostname="DESKTOP-447HEGD" name="tests.FooterTest" tests="5" failures="0" timestamp="28 Oct 2015 13:11:07 GMT" time="9.601" errors="0">
  <testcase name="commentsAndOpportunitiesLinkTest" time="1.932" classname="tests.FooterTest"/>
  <testcase name="errorOrABugOnThePortalLinkTest" time="2.037" classname="tests.FooterTest"/>
  <testcase name="noSuchServicesLinkTest" time="1.887" classname="tests.FooterTest"/>
  <testcase name="portalsNewsOnFacebookLinkTest" time="1.810" classname="tests.FooterTest"/>
  <testcase name="joinOnGitHubLinkTest" time="1.935" classname="tests.FooterTest"/>
</testsuite> <!-- tests.FooterTest -->
