<?xml version="1.0" encoding="UTF-8"?>
<!-- Generated by org.testng.reporters.JUnitReportReporter -->
<testsuite hostname="DESKTOP-447HEGD" name="tests.SearchServiceTest" tests="1" failures="0" timestamp="28 Oct 2015 13:11:07 GMT" time="2.155" errors="0">
  <testcase name="simpleValidSearchTest" time="2.155" classname="tests.SearchServiceTest"/>
</testsuite> <!-- tests.SearchServiceTest -->
