<?xml version="1.0" encoding="UTF-8"?>
<!-- Generated by org.testng.reporters.JUnitReportReporter -->
<testsuite hostname="DESKTOP-447HEGD" name="tests.MyLogTest" tests="1" failures="0" timestamp="28 Oct 2015 13:38:51 GMT" time="23.172" errors="0">
  <testcase name="myLogTest" time="23.172" classname="tests.MyLogTest"/>
</testsuite> <!-- tests.MyLogTest -->
