<?xml version="1.0" encoding="UTF-8"?>
<!-- Generated by org.testng.reporters.JUnitReportReporter -->
<testsuite hostname="DESKTOP-447HEGD" name="tests.AccessToDocumentByCodeTest" tests="1" failures="0" timestamp="28 Oct 2015 13:11:07 GMT" time="24.608" errors="0">
  <testcase name="getAccessToDocumentTest" time="24.608" classname="tests.AccessToDocumentByCodeTest"/>
</testsuite> <!-- tests.AccessToDocumentByCodeTest -->
