<?xml version="1.0" encoding="UTF-8"?>
<!-- Generated by org.testng.reporters.JUnitReportReporter -->
<testsuite hostname="DESKTOP-447HEGD" name="tests.InternationalPassportTest" tests="1" failures="0" timestamp="17 Nov 2015 15:27:47 GMT" time="35.510" errors="0">
  <testcase name="DnipropetrovskInternationalPassportTest" time="35.510" classname="tests.InternationalPassportTest"/>
</testsuite> <!-- tests.InternationalPassportTest -->
