<?xml version="1.0" encoding="UTF-8"?>
<!-- Generated by org.testng.reporters.JUnitReportReporter -->
<testsuite hostname="DESKTOP-447HEGD" name="tests.CriminalRecordTest" tests="1" failures="0" timestamp="16 Nov 2015 10:15:05 GMT" time="28.869" errors="0">
  <testcase name="DnipropetrovskCriminalRecord" time="28.869" classname="tests.CriminalRecordTest"/>
</testsuite> <!-- tests.CriminalRecordTest -->
